<?xml version="1.0" encoding="UTF-8"?>
<beans xmlns="http://www.springframework.org/schema/beans"
       xmlns:xsi="http://www.w3.org/2001/XMLSchema-instance"
       xmlns:context="http://www.springframework.org/schema/context"
       xsi:schemaLocation="http://www.springframework.org/schema/beans
        http://www.springframework.org/schema/beans/spring-beans-3.0.xsd
        http://www.springframework.org/schema/context
        http://www.springframework.org/schema/context/spring-context-3.0.xsd">
    <context:component-scan base-package="by.academy.it.rest.dao"/>
    <context:component-scan base-package="by.academy.it.services"/>

    <bean id="dataSource" class="org.apache.commons.dbcp2.BasicDataSource">
        <property name="url" value="jdbc:mysql://localhost:3306/spring_hibernate_integration?createDatabaseIfNotExist=true"/>
        <property name="driverClassName" value="com.mysql.cj.jdbc.Driver"/>
        <property name="username" value="root"/>
        <property name="password" value="rootroot"/>
        <property name="initialSize" value="5"/>
        <property name="maxTotal" value="20"/>
    </bean>
    <bean id="entityManagerFactory" class="org.springframework.orm.jpa.LocalContainerEntityManagerFactoryBean">
        <property name="dataSource" ref="dataSource"/>
        <property name="persistenceUnitName" value="jpa-unit"/>
        <property name="jpaVendorAdapter">
            <bean class="org.springframework.orm.jpa.vendor.HibernateJpaVendorAdapter"/>
        </property>
        <property name="packagesToScan">
            <list>
                <value>by.academy.it.rest.entity</value>
            </list>
        </property>
        <property name="jpaProperties">
            <props>
                <prop key="hibernate.dialect">org.hibernate.dialect.MySQL55Dialect</prop>
                <prop key="hibernate.show_sql">true</prop>
                <prop key="hibernate.format_sql">true</prop>
                <prop key="hibernate.hbm2ddl.auto">create</prop>
            </props>
        </property>
    </bean>
    <bean id="txManager" class="org.springframework.orm.jpa.JpaTransactionManager">
        <property name="entityManagerFactory" ref="entityManagerFactory"/>
    </bean>
    <bean id="transactionTemplate" class="org.springframework.transaction.support.TransactionTemplate">
        <property name="transactionManager" ref="txManager"/>
    </bean>
</beans>